<?xml version="1.0" encoding="UTF-8"?>
<Site BuildName="(empty)"
	BuildStamp="20241126-2221-Experimental"
	Name="selimon-Legion-5-15ARH7"
	Generator="ctest-3.26.4"
	CompilerName="/usr/bin/c++"
	CompilerVersion="13.1.0"
	OSName="Linux"
	Hostname="selimon-Legion-5-15ARH7"
	OSRelease="5.15.0-126-generic"
	OSVersion="#136~20.04.1-Ubuntu SMP Thu Nov 14 16:38:05 UTC 2024"
	OSPlatform="x86_64"
	Is64Bits="1"
	VendorString="AuthenticAMD"
	VendorID="Advanced Micro Devices"
	FamilyID="25"
	ModelID="68"
	ProcessorCacheSize="512"
	NumberOfLogicalCPU="12"
	NumberOfPhysicalCPU="6"
	TotalVirtualMemory="2047"
	TotalPhysicalMemory="15167"
	LogicalProcessorsPerPhysical="2"
	ProcessorClockFrequency="3300"
	>
	<Testing>
		<StartDateTime>Nov 27 10:24 AEDT</StartDateTime>
		<StartTestTime>1732663480</StartTestTime>
		<TestList/>
		<EndDateTime>Nov 27 10:24 AEDT</EndDateTime>
		<EndTestTime>1732663480</EndTestTime>
		<ElapsedMinutes>0</ElapsedMinutes>
	</Testing>
</Site>
